0 info it worked if it ends with ok
1 verbose cli [ '/usr/local/Cellar/node/10.1.0/bin/node',
1 verbose cli   '/usr/local/bin/npm',
1 verbose cli   'run',
1 verbose cli   'migrations' ]
2 info using npm@3.10.10
3 info using node@v10.1.0
4 verbose run-script [ 'premigrations', 'migrations', 'postmigrations' ]
5 info lifecycle @1.0.0~premigrations: @1.0.0
6 silly lifecycle @1.0.0~premigrations: no script for premigrations, continuing
7 info lifecycle @1.0.0~migrations: @1.0.0
8 verbose lifecycle @1.0.0~migrations: unsafe-perm in lifecycle true
9 verbose lifecycle @1.0.0~migrations: PATH: /usr/local/lib/node_modules/npm/bin/node-gyp-bin:/Users/jacob/GoogleDrive/pushkin/dev/pushkin/db-worker/node_modules/.bin:/usr/local/Cellar/node/10.1.0/bin:/Users/jacob/.opam/system/bin:/Users/jacob/.rvm/gems/ruby-2.4.2/bin:/Users/jacob/.rvm/gems/ruby-2.4.2@global/bin:/Users/jacob/.rvm/rubies/ruby-2.4.2/bin:/usr/local/opt/python/libexec/bin:/usr/local/bin:/usr/bin:/bin:/usr/sbin:/sbin:/Users/jacob/.rvm/bin
10 verbose lifecycle @1.0.0~migrations: CWD: /Users/jacob/GoogleDrive/pushkin/dev/pushkin/db-worker
11 silly lifecycle @1.0.0~migrations: Args: [ '-c', 'knex migrate:latest' ]
12 silly lifecycle @1.0.0~migrations: Returned: code: 1  signal: null
13 info lifecycle @1.0.0~migrations: Failed to exec migrations script
14 verbose stack Error: @1.0.0 migrations: `knex migrate:latest`
14 verbose stack Exit status 1
14 verbose stack     at EventEmitter.<anonymous> (/usr/local/lib/node_modules/npm/lib/utils/lifecycle.js:255:16)
14 verbose stack     at EventEmitter.emit (events.js:182:13)
14 verbose stack     at ChildProcess.<anonymous> (/usr/local/lib/node_modules/npm/lib/utils/spawn.js:40:14)
14 verbose stack     at ChildProcess.emit (events.js:182:13)
14 verbose stack     at maybeClose (internal/child_process.js:957:16)
14 verbose stack     at Process.ChildProcess._handle.onexit (internal/child_process.js:246:5)
15 verbose pkgid @1.0.0
16 verbose cwd /Users/jacob/GoogleDrive/pushkin/dev/pushkin/db-worker
17 error Darwin 17.6.0
18 error argv "/usr/local/Cellar/node/10.1.0/bin/node" "/usr/local/bin/npm" "run" "migrations"
19 error node v10.1.0
20 error npm  v3.10.10
21 error code ELIFECYCLE
22 error @1.0.0 migrations: `knex migrate:latest`
22 error Exit status 1
23 error Failed at the @1.0.0 migrations script 'knex migrate:latest'.
23 error Make sure you have the latest version of node.js and npm installed.
23 error If you do, this is most likely a problem with the  package,
23 error not with npm itself.
23 error Tell the author that this fails on your system:
23 error     knex migrate:latest
23 error You can get information on how to open an issue for this project with:
23 error     npm bugs
23 error Or if that isn't available, you can get their info via:
23 error     npm owner ls
23 error There is likely additional logging output above.
24 verbose exit [ 1, true ]
